09-07-2017 10:08:02 V-18671986 Servidor iniciado.
09-07-2017 10:08:05 V-18671986 Ejecutando PGPASSWORD=20 psql -U leo -d usuario_5 -f archivos/envio_entrenamiento/1045.psql para la entrada :
1
09-07-2017 10:08:05 V-18671986 Verificando tiempo limite
09-07-2017 10:08:05 V-18671986 COMPARANDO MEMORIA: >2000
09-07-2017 10:08:05 V-18671986 DATOS ARROJADOS AL VERIFICAR TIEMPO LIMITE:CMD: PGPASSWORD=20 psql -U leo -d usuario_5 -f archivos/envio_entrenamiento/1045.psql
 Resultado ejecucion: Resource id #16
 Codigo: 0
  output: CREATE TABLE
CREATE TABLE
INSERT 0 1
INSERT 0 1
INSERT 0 1
INSERT 0 1
INSERT 0 1
INSERT 0 1
  cedula  |  nombre  | apellido |            persona             | descripcion 
----------+----------+----------+--------------------------------+-------------
 18671986 | Leonardo | Melendez | (18671986,Leonardo,Melendez,1) | Estudiante
 18164019 | Jesus    | Romero   | (18164019,Jesus,Romero,2)      | Comerciante
 23580136 | Adriana  | Vizcaya  | (23580136,Adriana,Vizcaya,3)   | Diseñadora
(3 rows)


 memoria:  con explode: 
 error con explode:  
09-07-2017 10:08:05 V-18671986 Tiempo limite verificado 
09-07-2017 10:08:05 V-18671986 Resultado: 
09-07-2017 10:08:05 V-18671986 listo
09-07-2017 10:08:05 V-18671986 Comparando resultados: 
 == 18671986 | Leonardo | Melendez | Estudiante
 18164019 | Jesus    | Romero   | Comerciante
 23580136 | Adriana  | Vizcaya  | Diseñadora
 En hexadecimal: 
 == 3138363731393836207C204C656F6E6172646F207C204D656C656E64657A207C20457374756469616E74650A203138313634303139207C204A65737573202020207C20526F6D65726F2020207C20436F6D65726369616E74650A203233353830313336207C2041647269616E6120207C2056697A6361796120207C2044697365C3B161646F7261
09-07-2017 10:08:05 V-18671986 Sentencia: RESPUESTA INCORRECTA 
09-07-2017 10:09:35 V-18671986 Servidor iniciado.
09-07-2017 10:09:36 V-18671986 Ejecutando PGPASSWORD=20 psql -U leo -d usuario_5 -f archivos/envio_entrenamiento/1046.psql para la entrada :
1
09-07-2017 10:09:36 V-18671986 Verificando tiempo limite
09-07-2017 10:09:36 V-18671986 COMPARANDO MEMORIA: >2000
09-07-2017 10:09:36 V-18671986 DATOS ARROJADOS AL VERIFICAR TIEMPO LIMITE:CMD: PGPASSWORD=20 psql -U leo -d usuario_5 -f archivos/envio_entrenamiento/1046.psql
 Resultado ejecucion: Resource id #13
 Codigo: 0
  output: CREATE TABLE
CREATE TABLE
INSERT 0 1
INSERT 0 1
INSERT 0 1
INSERT 0 1
INSERT 0 1
INSERT 0 1
  cedula  |  nombre  | apellido | descripcion 
----------+----------+----------+-------------
 18671986 | Leonardo | Melendez | Estudiante
 18164019 | Jesus    | Romero   | Comerciante
 23580136 | Adriana  | Vizcaya  | Diseñadora
(3 rows)


 memoria:  con explode: 
 error con explode:  
09-07-2017 10:09:36 V-18671986 Tiempo limite verificado 
09-07-2017 10:09:36 V-18671986 Resultado: 18671986 | Leonardo | Melendez | Estudiante
 18164019 | Jesus    | Romero   | Comerciante
 23580136 | Adriana  | Vizcaya  | Diseñadora
09-07-2017 10:09:36 V-18671986 listo
09-07-2017 10:09:36 V-18671986 Comparando resultados: 
18671986 | Leonardo | Melendez | Estudiante
 18164019 | Jesus    | Romero   | Comerciante
 23580136 | Adriana  | Vizcaya  | Diseñadora == 18671986 | Leonardo | Melendez | Estudiante
 18164019 | Jesus    | Romero   | Comerciante
 23580136 | Adriana  | Vizcaya  | Diseñadora
 En hexadecimal: 
3138363731393836207C204C656F6E6172646F207C204D656C656E64657A207C20457374756469616E74650A203138313634303139207C204A65737573202020207C20526F6D65726F2020207C20436F6D65726369616E74650A203233353830313336207C2041647269616E6120207C2056697A6361796120207C2044697365C3B161646F7261 == 3138363731393836207C204C656F6E6172646F207C204D656C656E64657A207C20457374756469616E74650A203138313634303139207C204A65737573202020207C20526F6D65726F2020207C20436F6D65726369616E74650A203233353830313336207C2041647269616E6120207C2056697A6361796120207C2044697365C3B161646F7261
09-07-2017 10:09:36 V-18671986 Sentencia: CORRECTO
